[2024-08-16 09:30:40] main.ERROR: PDOException: SQLSTATE[42S22]: Column not found: 1054 Unknown column 'transactions.netsell' in 'where clause' in /home/dotzdemo/public_html/arkfoods/vendor/laravel/framework/src/Illuminate/Database/Connection.php:326
Stack trace:
#0 /home/dotzdemo/public_html/arkfoods/vendor/laravel/framework/src/Illuminate/Database/Connection.php(326): PDO->prepare('select count(*)...')
#1 /home/dotzdemo/public_html/arkfoods/vendor/laravel/framework/src/Illuminate/Database/Connection.php(657): Illuminate\Database\Connection->Illuminate\Database\{closure}('select count(*)...', Array)
#2 /home/dotzdemo/public_html/arkfoods/vendor/laravel/framework/src/Illuminate/Database/Connection.php(624): Illuminate\Database\Connection->runQueryCallback('select count(*)...', Array, Object(Closure))
#3 /home/dotzdemo/public_html/arkfoods/vendor/laravel/framework/src/Illuminate/Database/Connection.php(333): Illuminate\Database\Connection->run('select count(*)...', Array, Object(Closure))
#4 /home/dotzdemo/public_html/arkfoods/vendor/laravel/framework/src/Illuminate/Database/Query/Builder.php(1719): Illuminate\Database\Connection->select('select count(*)...', Array, true)
#5 /home/dotzdemo/public_html/arkfoods/vendor/laravel/framework/src/Illuminate/Database/Query/Builder.php(1704): Illuminate\Database\Query\Builder->runSelect()
#6 /home/dotzdemo/public_html/arkfoods/vendor/laravel/framework/src/Illuminate/Database/Query/Builder.php(2051): Illuminate\Database\Query\Builder->get(Array)
#7 /home/dotzdemo/public_html/arkfoods/vendor/laravel/framework/src/Illuminate/Database/Query/Builder.php(1979): Illuminate\Database\Query\Builder->aggregate('count', Array)
#8 /home/dotzdemo/public_html/arkfoods/vendor/yajra/laravel-datatables-oracle/src/QueryDataTable.php(136): Illuminate\Database\Query\Builder->count()
#9 /home/dotzdemo/public_html/arkfoods/vendor/yajra/laravel-datatables-oracle/src/DataTableAbstract.php(577): Yajra\DataTables\QueryDataTable->count()
#10 /home/dotzdemo/public_html/arkfoods/vendor/yajra/laravel-datatables-oracle/src/DataTableAbstract.php(596): Yajra\DataTables\DataTableAbstract->filteredCount()
#11 /home/dotzdemo/public_html/arkfoods/vendor/yajra/laravel-datatables-oracle/src/QueryDataTable.php(105): Yajra\DataTables\DataTableAbstract->filterRecords()
#12 /home/dotzdemo/public_html/arkfoods/vendor/yajra/laravel-datatables-oracle/src/QueryDataTable.php(84): Yajra\DataTables\QueryDataTable->prepareQuery()
#13 /home/dotzdemo/public_html/arkfoods/app/Http/Controllers/SellController.php(280): Yajra\DataTables\QueryDataTable->make(true)
#14 [internal function]: App\Http\Controllers\SellController->index()
#15 /home/dotzdemo/public_html/arkfoods/vendor/laravel/framework/src/Illuminate/Routing/Controller.php(54): call_user_func_array(Array, Array)
#16 /home/dotzdemo/public_html/arkfoods/vendor/laravel/framework/src/Illuminate/Routing/ControllerDispatcher.php(45): Illuminate\Routing\Controller->callAction('index', Array)
#17 /home/dotzdemo/public_html/arkfoods/vendor/laravel/framework/src/Illuminate/Routing/Route.php(212): Illuminate\Routing\ControllerDispatcher->dispatch(Object(Illuminate\Routing\Route), Object(App\Http\Controllers\SellController), 'index')
#18 /home/dotzdemo/public_html/arkfoods/vendor/laravel/framework/src/Illuminate/Routing/Route.php(169): Illuminate\Routing\Route->runController()
#19 /home/dotzdemo/public_html/arkfoods/vendor/laravel/framework/src/Illuminate/Routing/Router.php(658): Illuminate\Routing\Route->run()
#20 /home/dotzdemo/public_html/arkfoods/vendor/laravel/framework/src/Illuminate/Routing/Pipeline.php(30): Illuminate\Routing\Router->Illuminate\Routing\{closure}(Object(Illuminate\Http\Request))
#21 /home/dotzdemo/public_html/arkfoods/app/Http/Middleware/Timezone.php(27): Illuminate\Routing\Pipeline->Illuminate\Routing\{closure}(Object(Illuminate\Http\Request))
#22 /home/dotzdemo/public_html/arkfoods/vendor/laravel/framework/src/Illuminate/Pipeline/Pipeline.php(149): App\Http\Middleware\Timezone->handle(Object(Illuminate\Http\Request), Object(Closure))
#23 /home/dotzdemo/public_html/arkfoods/vendor/laravel/framework/src/Illuminate/Routing/Pipeline.php(53): Illuminate\Pipeline\Pipeline->Illuminate\Pipeline\{closure}(Object(Illuminate\Http\Request))
#24 /home/dotzdemo/public_html/arkfoods/app/Http/Middleware/Language.php(27): Illuminate\Routing\Pipeline->Illuminate\Routing\{closure}(Object(Illuminate\Http\Request))
#25 /home/dotzdemo/public_html/arkfoods/vendor/laravel/framework/src/Illuminate/Pipeline/Pipeline.php(149): App\Http\Middleware\Language->handle(Object(Illuminate\Http\Request), Object(Closure))
#26 /home/dotzdemo/public_html/arkfoods/vendor/laravel/framework/src/Illuminate/Routing/Pipeline.php(53): Illuminate\Pipeline\Pipeline->Illuminate\Pipeline\{closure}(Object(Illuminate\Http\Request))
#27 /home/dotzdemo/public_html/arkfoods/app/Http/Middleware/SetSessionData.php(53): Illuminate\Routing\Pipeline->Illuminate\Routing\{closure}(Object(Illuminate\Http\Request))
#28 /home/dotzdemo/public_html/arkfoods/vendor/laravel/framework/src/Illuminate/Pipeline/Pipeline.php(149): App\Http\Middleware\SetSessionData->handle(Object(Illuminate\Http\Request), Object(Closure))
#29 /home/dotzdemo/public_html/arkfoods/vendor/laravel/framework/src/Illuminate/Routing/Pipeline.php(53): Illuminate\Pipeline\Pipeline->Illuminate\Pipeline\{closure}(Object(Illuminate\Http\Request))
#30 /home/dotzdemo/public_html/arkfoods/app/Http/Middleware/IsInstalled.php(23): Illuminate\Routing\Pipeline->Illuminate\Routing\{closure}(Object(Illuminate\Http\Request))
#31 /home/dotzdemo/public_html/arkfoods/vendor/laravel/framework/src/Illuminate/Pipeline/Pipeline.php(149): App\Http\Middleware\IsInstalled->handle(Object(Illuminate\Http\Request), Object(Closure))
#32 /home/dotzdemo/public_html/arkfoods/vendor/laravel/framework/src/Illuminate/Routing/Pipeline.php(53): Illuminate\Pipeline\Pipeline->Illuminate\Pipeline\{closure}(Object(Illuminate\Http\Request))
#33 /home/dotzdemo/public_html/arkfoods/vendor/laravel/framework/src/Illuminate/Routing/Middleware/SubstituteBindings.php(41): Illuminate\Routing\Pipeline->Illuminate\Routing\{closure}(Object(Illuminate\Http\Request))
#34 /home/dotzdemo/public_html/arkfoods/vendor/laravel/framework/src/Illuminate/Pipeline/Pipeline.php(149): Illuminate\Routing\Middleware\SubstituteBindings->handle(Object(Illuminate\Http\Request), Object(Closure))
#35 /home/dotzdemo/public_html/arkfoods/vendor/laravel/framework/src/Illuminate/Routing/Pipeline.php(53): Illuminate\Pipeline\Pipeline->Illuminate\Pipeline\{closure}(Object(Illuminate\Http\Request))
#36 /home/dotzdemo/public_html/arkfoods/vendor/laravel/framework/src/Illuminate/Auth/Middleware/Authenticate.php(43): Illuminate\Routing\Pipeline->Illuminate\Routing\{closure}(Object(Illuminate\Http\Request))
#37 /home/dotzdemo/public_html/arkfoods/vendor/laravel/framework/src/Illuminate/Pipeline/Pipeline.php(149): Illuminate\Auth\Middleware\Authenticate->handle(Object(Illuminate\Http\Request), Object(Closure))
#38 /home/dotzdemo/public_html/arkfoods/vendor/laravel/framework/src/Illuminate/Routing/Pipeline.php(53): Illuminate\Pipeline\Pipeline->Illuminate\Pipeline\{closure}(Object(Illuminate\Http\Request))
#39 /home/dotzdemo/public_html/arkfoods/vendor/laravel/framework/src/Illuminate/Foundation/Http/Middleware/VerifyCsrfToken.php(68): Illuminate\Routing\Pipeline->Illuminate\Routing\{closure}(Object(Illuminate\Http\Request))
#40 /home/dotzdemo/public_html/arkfoods/vendor/laravel/framework/src/Illuminate/Pipeline/Pipeline.php(149): Illuminate\Foundation\Http\Middleware\VerifyCsrfToken->handle(Object(Illuminate\Http\Request), Object(Closure))
#41 /home/dotzdemo/public_html/arkfoods/vendor/laravel/framework/src/Illuminate/Routing/Pipeline.php(53): Illuminate\Pipeline\Pipeline->Illuminate\Pipeline\{closure}(Object(Illuminate\Http\Request))
#42 /home/dotzdemo/public_html/arkfoods/vendor/laravel/framework/src/Illuminate/View/Middleware/ShareErrorsFromSession.php(49): Illuminate\Routing\Pipeline->Illuminate\Routing\{closure}(Object(Illuminate\Http\Request))
#43 /home/dotzdemo/public_html/arkfoods/vendor/laravel/framework/src/Illuminate/Pipeline/Pipeline.php(149): Illuminate\View\Middleware\ShareErrorsFromSession->handle(Object(Illuminate\Http\Request), Object(Closure))
#44 /home/dotzdemo/public_html/arkfoods/vendor/laravel/framework/src/Illuminate/Routing/Pipeline.php(53): Illuminate\Pipeline\Pipeline->Illuminate\Pipeline\{closure}(Object(Illuminate\Http\Request))
#45 /home/dotzdemo/public_html/arkfoods/vendor/laravel/framework/src/Illuminate/Session/Middleware/StartSession.php(63): Illuminate\Routing\Pipeline->Illuminate\Routing\{closure}(Object(Illuminate\Http\Request))
#46 /home/dotzdemo/public_html/arkfoods/vendor/laravel/framework/src/Illuminate/Pipeline/Pipeline.php(149): Illuminate\Session\Middleware\StartSession->handle(Object(Illuminate\Http\Request), Object(Closure))
#47 /home/dotzdemo/public_html/arkfoods/vendor/laravel/framework/src/Illuminate/Routing/Pipeline.php(53): Illuminate\Pipeline\Pipeline->Illuminate\Pipeline\{closure}(Object(Illuminate\Http\Request))
#48 /home/dotzdemo/public_html/arkfoods/vendor/laravel/framework/src/Illuminate/Cookie/Middleware/AddQueuedCookiesToResponse.php(37): Illuminate\Routing\Pipeline->Illuminate\Routing\{closure}(Object(Illuminate\Http\Request))
#49 /home/dotzdemo/public_html/arkfoods/vendor/laravel/framework/src/Illuminate/Pipeline/Pipeline.php(149): Illuminate\Cookie\Middleware\AddQueuedCookiesToResponse->handle(Object(Illuminate\Http\Request), Object(Closure))
#50 /home/dotzdemo/public_html/arkfoods/vendor/laravel/framework/src/Illuminate/Routing/Pipeline.php(53): Illuminate\Pipeline\Pipeline->Illuminate\Pipeline\{closure}(Object(Illuminate\Http\Request))
#51 /home/dotzdemo/public_html/arkfoods/vendor/laravel/framework/src/Illuminate/Cookie/Middleware/EncryptCookies.php(66): Illuminate\Routing\Pipeline->Illuminate\Routing\{closure}(Object(Illuminate\Http\Request))
#52 /home/dotzdemo/public_html/arkfoods/vendor/laravel/framework/src/Illuminate/Pipeline/Pipeline.php(149): Illuminate\Cookie\Middleware\EncryptCookies->handle(Object(Illuminate\Http\Request), Object(Closure))
#53 /home/dotzdemo/public_html/arkfoods/vendor/laravel/framework/src/Illuminate/Routing/Pipeline.php(53): Illuminate\Pipeline\Pipeline->Illuminate\Pipeline\{closure}(Object(Illuminate\Http\Request))
#54 /home/dotzdemo/public_html/arkfoods/vendor/laravel/framework/src/Illuminate/Pipeline/Pipeline.php(102): Illuminate\Routing\Pipeline->Illuminate\Routing\{closure}(Object(Illuminate\Http\Request))
#55 /home/dotzdemo/public_html/arkfoods/vendor/laravel/framework/src/Illuminate/Routing/Router.php(660): Illuminate\Pipeline\Pipeline->then(Object(Closure))
#56 /home/dotzdemo/public_html/arkfoods/vendor/laravel/framework/src/Illuminate/Routing/Router.php(635): Illuminate\Routing\Router->runRouteWithinStack(Object(Illuminate\Routing\Route), Object(Illuminate\Http\Request))
#57 /home/dotzdemo/public_html/arkfoods/vendor/laravel/framework/src/Illuminate/Routing/Router.php(601): Illuminate\Routing\Router->runRoute(Object(Illuminate\Http\Request), Object(Illuminate\Routing\Route))
#58 /home/dotzdemo/public_html/arkfoods/vendor/laravel/framework/src/Illuminate/Routing/Router.php(590): Illuminate\Routing\Router->dispatchToRoute(Object(Illuminate\Http\Request))
#59 /home/dotzdemo/public_html/arkfoods/vendor/laravel/framework/src/Illuminate/Foundation/Http/Kernel.php(176): Illuminate\Routing\Router->dispatch(Object(Illuminate\Http\Request))
#60 /home/dotzdemo/public_html/arkfoods/vendor/laravel/framework/src/Illuminate/Routing/Pipeline.php(30): Illuminate\Foundation\Http\Kernel->Illuminate\Foundation\Http\{closure}(Object(Illuminate\Http\Request))
#61 /home/dotzdemo/public_html/arkfoods/vendor/barryvdh/laravel-debugbar/src/Middleware/InjectDebugbar.php(58): Illuminate\Routing\Pipeline->Illuminate\Routing\{closure}(Object(Illuminate\Http\Request))
#62 /home/dotzdemo/public_html/arkfoods/vendor/laravel/framework/src/Illuminate/Pipeline/Pipeline.php(149): Barryvdh\Debugbar\Middleware\InjectDebugbar->handle(Object(Illuminate\Http\Request), Object(Closure))
#63 /home/dotzdemo/public_html/arkfoods/vendor/laravel/framework/src/Illuminate/Routing/Pipeline.php(53): Illuminate\Pipeline\Pipeline->Illuminate\Pipeline\{closure}(Object(Illuminate\Http\Request))
#64 /home/dotzdemo/public_html/arkfoods/vendor/laravel/framework/src/Illuminate/Foundation/Http/Middleware/TransformsRequest.php(30): Illuminate\Routing\Pipeline->Illuminate\Routing\{closure}(Object(Illuminate\Http\Request))
#65 /home/dotzdemo/public_html/arkfoods/vendor/laravel/framework/src/Illuminate/Pipeline/Pipeline.php(149): Illuminate\Foundation\Http\Middleware\TransformsRequest->handle(Object(Illuminate\Http\Request), Object(Closure))
#66 /home/dotzdemo/public_html/arkfoods/vendor/laravel/framework/src/Illuminate/Routing/Pipeline.php(53): Illuminate\Pipeline\Pipeline->Illuminate\Pipeline\{closure}(Object(Illuminate\Http\Request))
#67 /home/dotzdemo/public_html/arkfoods/vendor/laravel/framework/src/Illuminate/Foundation/Http/Middleware/TransformsRequest.php(30): Illuminate\Routing\Pipeline->Illuminate\Routing\{closure}(Object(Illuminate\Http\Request))
#68 /home/dotzdemo/public_html/arkfoods/vendor/laravel/framework/src/Illuminate/Pipeline/Pipeline.php(149): Illuminate\Foundation\Http\Middleware\TransformsRequest->handle(Object(Illuminate\Http\Request), Object(Closure))
#69 /home/dotzdemo/public_html/arkfoods/vendor/laravel/framework/src/Illuminate/Routing/Pipeline.php(53): Illuminate\Pipeline\Pipeline->Illuminate\Pipeline\{closure}(Object(Illuminate\Http\Request))
#70 /home/dotzdemo/public_html/arkfoods/vendor/laravel/framework/src/Illuminate/Foundation/Http/Middleware/ValidatePostSize.php(27): Illuminate\Routing\Pipeline->Illuminate\Routing\{closure}(Object(Illuminate\Http\Request))
#71 /home/dotzdemo/public_html/arkfoods/vendor/laravel/framework/src/Illuminate/Pipeline/Pipeline.php(149): Illuminate\Foundation\Http\Middleware\ValidatePostSize->handle(Object(Illuminate\Http\Request), Object(Closure))
#72 /home/dotzdemo/public_html/arkfoods/vendor/laravel/framework/src/Illuminate/Routing/Pipeline.php(53): Illuminate\Pipeline\Pipeline->Illuminate\Pipeline\{closure}(Object(Illuminate\Http\Request))
#73 /home/dotzdemo/public_html/arkfoods/vendor/laravel/framework/src/Illuminate/Foundation/Http/Middleware/CheckForMaintenanceMode.php(46): Illuminate\Routing\Pipeline->Illuminate\Routing\{closure}(Object(Illuminate\Http\Request))
#74 /home/dotzdemo/public_html/arkfoods/vendor/laravel/framework/src/Illuminate/Pipeline/Pipeline.php(149): Illuminate\Foundation\Http\Middleware\CheckForMaintenanceMode->handle(Object(Illuminate\Http\Request), Object(Closure))
#75 /home/dotzdemo/public_html/arkfoods/vendor/laravel/framework/src/Illuminate/Routing/Pipeline.php(53): Illuminate\Pipeline\Pipeline->Illuminate\Pipeline\{closure}(Object(Illuminate\Http\Request))
#76 /home/dotzdemo/public_html/arkfoods/vendor/laravel/framework/src/Illuminate/Pipeline/Pipeline.php(102): Illuminate\Routing\Pipeline->Illuminate\Routing\{closure}(Object(Illuminate\Http\Request))
#77 /home/dotzdemo/public_html/arkfoods/vendor/laravel/framework/src/Illuminate/Foundation/Http/Kernel.php(151): Illuminate\Pipeline\Pipeline->then(Object(Closure))
#78 /home/dotzdemo/public_html/arkfoods/vendor/laravel/framework/src/Illuminate/Foundation/Http/Kernel.php(116): Illuminate\Foundation\Http\Kernel->sendRequestThroughRouter(Object(Illuminate\Http\Request))
#79 /home/dotzdemo/public_html/arkfoods/public/index.php(53): Illuminate\Foundation\Http\Kernel->handle(Object(Illuminate\Http\Request))
#80 /home/dotzdemo/public_html/arkfoods/server.php(21): require_once('/home/dotzdemo/...')
#81 {main}

Next Illuminate\Database\QueryException: SQLSTATE[42S22]: Column not found: 1054 Unknown column 'transactions.netsell' in 'where clause' (SQL: select count(*) as aggregate from (select `transactions`.`id`, `transactions`.`transaction_date`, `transactions`.`is_direct_sale`, `transactions`.`invoice_no`, `contacts`.`name`, `transactions`.`payment_status`, `transactions`.`final_total`, `transactions`.`discount_amount`, SUM(IF(tp.is_return = 1,-1*tp.amount,tp.amount)) as total_paid, `bl`.`name` as `business_location`, COUNT(SR.id) as return_exists, (SELECT SUM(TP2.amount) FROM transaction_payments AS TP2 WHERE
                        TP2.transaction_id=SR.id ) as return_paid, COALESCE(SR.final_total, 0) as amount_return, `SR`.`id` as `return_transaction_id`, `transactions`.`woocommerce_order_id` from `transactions` left join `contacts` on `transactions`.`contact_id` = `contacts`.`id` left join `transaction_payments` as `tp` on `transactions`.`id` = `tp`.`transaction_id` inner join `business_locations` as `bl` on `transactions`.`location_id` = `bl`.`id` left join `transactions` as `SR` on `transactions`.`id` = `SR`.`return_parent_id` where `transactions`.`business_id` = 9 and `transactions`.`type` = sell and `transactions`.`status` = final and date(`transactions`.`transaction_date`) >= 2024-01-01 and date(`transactions`.`transaction_date`) <= 2024-12-31 and (LOWER(`transactions`.`transaction_date`) LIKE %a% or LOWER(`transactions`.`invoice_no`) LIKE %a% or LOWER(`contacts`.`name`) LIKE %a% or LOWER(`bl`.`name`) LIKE %a% or LOWER(`transactions`.`payment_status`) LIKE %a% or LOWER(`transactions`.`final_total`) LIKE %a% or LOWER(`transactions`.`netsell`) LIKE %a%) group by `transactions`.`id`) count_row_table) in /home/dotzdemo/public_html/arkfoods/vendor/laravel/framework/src/Illuminate/Database/Connection.php:664
Stack trace:
#0 /home/dotzdemo/public_html/arkfoods/vendor/laravel/framework/src/Illuminate/Database/Connection.php(624): Illuminate\Database\Connection->runQueryCallback('select count(*)...', Array, Object(Closure))
#1 /home/dotzdemo/public_html/arkfoods/vendor/laravel/framework/src/Illuminate/Database/Connection.php(333): Illuminate\Database\Connection->run('select count(*)...', Array, Object(Closure))
#2 /home/dotzdemo/public_html/arkfoods/vendor/laravel/framework/src/Illuminate/Database/Query/Builder.php(1719): Illuminate\Database\Connection->select('select count(*)...', Array, true)
#3 /home/dotzdemo/public_html/arkfoods/vendor/laravel/framework/src/Illuminate/Database/Query/Builder.php(1704): Illuminate\Database\Query\Builder->runSelect()
#4 /home/dotzdemo/public_html/arkfoods/vendor/laravel/framework/src/Illuminate/Database/Query/Builder.php(2051): Illuminate\Database\Query\Builder->get(Array)
#5 /home/dotzdemo/public_html/arkfoods/vendor/laravel/framework/src/Illuminate/Database/Query/Builder.php(1979): Illuminate\Database\Query\Builder->aggregate('count', Array)
#6 /home/dotzdemo/public_html/arkfoods/vendor/yajra/laravel-datatables-oracle/src/QueryDataTable.php(136): Illuminate\Database\Query\Builder->count()
#7 /home/dotzdemo/public_html/arkfoods/vendor/yajra/laravel-datatables-oracle/src/DataTableAbstract.php(577): Yajra\DataTables\QueryDataTable->count()
#8 /home/dotzdemo/public_html/arkfoods/vendor/yajra/laravel-datatables-oracle/src/DataTableAbstract.php(596): Yajra\DataTables\DataTableAbstract->filteredCount()
#9 /home/dotzdemo/public_html/arkfoods/vendor/yajra/laravel-datatables-oracle/src/QueryDataTable.php(105): Yajra\DataTables\DataTableAbstract->filterRecords()
#10 /home/dotzdemo/public_html/arkfoods/vendor/yajra/laravel-datatables-oracle/src/QueryDataTable.php(84): Yajra\DataTables\QueryDataTable->prepareQuery()
#11 /home/dotzdemo/public_html/arkfoods/app/Http/Controllers/SellController.php(280): Yajra\DataTables\QueryDataTable->make(true)
#12 [internal function]: App\Http\Controllers\SellController->index()
#13 /home/dotzdemo/public_html/arkfoods/vendor/laravel/framework/src/Illuminate/Routing/Controller.php(54): call_user_func_array(Array, Array)
#14 /home/dotzdemo/public_html/arkfoods/vendor/laravel/framework/src/Illuminate/Routing/ControllerDispatcher.php(45): Illuminate\Routing\Controller->callAction('index', Array)
#15 /home/dotzdemo/public_html/arkfoods/vendor/laravel/framework/src/Illuminate/Routing/Route.php(212): Illuminate\Routing\ControllerDispatcher->dispatch(Object(Illuminate\Routing\Route), Object(App\Http\Controllers\SellController), 'index')
#16 /home/dotzdemo/public_html/arkfoods/vendor/laravel/framework/src/Illuminate/Routing/Route.php(169): Illuminate\Routing\Route->runController()
#17 /home/dotzdemo/public_html/arkfoods/vendor/laravel/framework/src/Illuminate/Routing/Router.php(658): Illuminate\Routing\Route->run()
#18 /home/dotzdemo/public_html/arkfoods/vendor/laravel/framework/src/Illuminate/Routing/Pipeline.php(30): Illuminate\Routing\Router->Illuminate\Routing\{closure}(Object(Illuminate\Http\Request))
#19 /home/dotzdemo/public_html/arkfoods/app/Http/Middleware/Timezone.php(27): Illuminate\Routing\Pipeline->Illuminate\Routing\{closure}(Object(Illuminate\Http\Request))
#20 /home/dotzdemo/public_html/arkfoods/vendor/laravel/framework/src/Illuminate/Pipeline/Pipeline.php(149): App\Http\Middleware\Timezone->handle(Object(Illuminate\Http\Request), Object(Closure))
#21 /home/dotzdemo/public_html/arkfoods/vendor/laravel/framework/src/Illuminate/Routing/Pipeline.php(53): Illuminate\Pipeline\Pipeline->Illuminate\Pipeline\{closure}(Object(Illuminate\Http\Request))
#22 /home/dotzdemo/public_html/arkfoods/app/Http/Middleware/Language.php(27): Illuminate\Routing\Pipeline->Illuminate\Routing\{closure}(Object(Illuminate\Http\Request))
#23 /home/dotzdemo/public_html/arkfoods/vendor/laravel/framework/src/Illuminate/Pipeline/Pipeline.php(149): App\Http\Middleware\Language->handle(Object(Illuminate\Http\Request), Object(Closure))
#24 /home/dotzdemo/public_html/arkfoods/vendor/laravel/framework/src/Illuminate/Routing/Pipeline.php(53): Illuminate\Pipeline\Pipeline->Illuminate\Pipeline\{closure}(Object(Illuminate\Http\Request))
#25 /home/dotzdemo/public_html/arkfoods/app/Http/Middleware/SetSessionData.php(53): Illuminate\Routing\Pipeline->Illuminate\Routing\{closure}(Object(Illuminate\Http\Request))
#26 /home/dotzdemo/public_html/arkfoods/vendor/laravel/framework/src/Illuminate/Pipeline/Pipeline.php(149): App\Http\Middleware\SetSessionData->handle(Object(Illuminate\Http\Request), Object(Closure))
#27 /home/dotzdemo/public_html/arkfoods/vendor/laravel/framework/src/Illuminate/Routing/Pipeline.php(53): Illuminate\Pipeline\Pipeline->Illuminate\Pipeline\{closure}(Object(Illuminate\Http\Request))
#28 /home/dotzdemo/public_html/arkfoods/app/Http/Middleware/IsInstalled.php(23): Illuminate\Routing\Pipeline->Illuminate\Routing\{closure}(Object(Illuminate\Http\Request))
#29 /home/dotzdemo/public_html/arkfoods/vendor/laravel/framework/src/Illuminate/Pipeline/Pipeline.php(149): App\Http\Middleware\IsInstalled->handle(Object(Illuminate\Http\Request), Object(Closure))
#30 /home/dotzdemo/public_html/arkfoods/vendor/laravel/framework/src/Illuminate/Routing/Pipeline.php(53): Illuminate\Pipeline\Pipeline->Illuminate\Pipeline\{closure}(Object(Illuminate\Http\Request))
#31 /home/dotzdemo/public_html/arkfoods/vendor/laravel/framework/src/Illuminate/Routing/Middleware/SubstituteBindings.php(41): Illuminate\Routing\Pipeline->Illuminate\Routing\{closure}(Object(Illuminate\Http\Request))
#32 /home/dotzdemo/public_html/arkfoods/vendor/laravel/framework/src/Illuminate/Pipeline/Pipeline.php(149): Illuminate\Routing\Middleware\SubstituteBindings->handle(Object(Illuminate\Http\Request), Object(Closure))
#33 /home/dotzdemo/public_html/arkfoods/vendor/laravel/framework/src/Illuminate/Routing/Pipeline.php(53): Illuminate\Pipeline\Pipeline->Illuminate\Pipeline\{closure}(Object(Illuminate\Http\Request))
#34 /home/dotzdemo/public_html/arkfoods/vendor/laravel/framework/src/Illuminate/Auth/Middleware/Authenticate.php(43): Illuminate\Routing\Pipeline->Illuminate\Routing\{closure}(Object(Illuminate\Http\Request))
#35 /home/dotzdemo/public_html/arkfoods/vendor/laravel/framework/src/Illuminate/Pipeline/Pipeline.php(149): Illuminate\Auth\Middleware\Authenticate->handle(Object(Illuminate\Http\Request), Object(Closure))
#36 /home/dotzdemo/public_html/arkfoods/vendor/laravel/framework/src/Illuminate/Routing/Pipeline.php(53): Illuminate\Pipeline\Pipeline->Illuminate\Pipeline\{closure}(Object(Illuminate\Http\Request))
#37 /home/dotzdemo/public_html/arkfoods/vendor/laravel/framework/src/Illuminate/Foundation/Http/Middleware/VerifyCsrfToken.php(68): Illuminate\Routing\Pipeline->Illuminate\Routing\{closure}(Object(Illuminate\Http\Request))
#38 /home/dotzdemo/public_html/arkfoods/vendor/laravel/framework/src/Illuminate/Pipeline/Pipeline.php(149): Illuminate\Foundation\Http\Middleware\VerifyCsrfToken->handle(Object(Illuminate\Http\Request), Object(Closure))
#39 /home/dotzdemo/public_html/arkfoods/vendor/laravel/framework/src/Illuminate/Routing/Pipeline.php(53): Illuminate\Pipeline\Pipeline->Illuminate\Pipeline\{closure}(Object(Illuminate\Http\Request))
#40 /home/dotzdemo/public_html/arkfoods/vendor/laravel/framework/src/Illuminate/View/Middleware/ShareErrorsFromSession.php(49): Illuminate\Routing\Pipeline->Illuminate\Routing\{closure}(Object(Illuminate\Http\Request))
#41 /home/dotzdemo/public_html/arkfoods/vendor/laravel/framework/src/Illuminate/Pipeline/Pipeline.php(149): Illuminate\View\Middleware\ShareErrorsFromSession->handle(Object(Illuminate\Http\Request), Object(Closure))
#42 /home/dotzdemo/public_html/arkfoods/vendor/laravel/framework/src/Illuminate/Routing/Pipeline.php(53): Illuminate\Pipeline\Pipeline->Illuminate\Pipeline\{closure}(Object(Illuminate\Http\Request))
#43 /home/dotzdemo/public_html/arkfoods/vendor/laravel/framework/src/Illuminate/Session/Middleware/StartSession.php(63): Illuminate\Routing\Pipeline->Illuminate\Routing\{closure}(Object(Illuminate\Http\Request))
#44 /home/dotzdemo/public_html/arkfoods/vendor/laravel/framework/src/Illuminate/Pipeline/Pipeline.php(149): Illuminate\Session\Middleware\StartSession->handle(Object(Illuminate\Http\Request), Object(Closure))
#45 /home/dotzdemo/public_html/arkfoods/vendor/laravel/framework/src/Illuminate/Routing/Pipeline.php(53): Illuminate\Pipeline\Pipeline->Illuminate\Pipeline\{closure}(Object(Illuminate\Http\Request))
#46 /home/dotzdemo/public_html/arkfoods/vendor/laravel/framework/src/Illuminate/Cookie/Middleware/AddQueuedCookiesToResponse.php(37): Illuminate\Routing\Pipeline->Illuminate\Routing\{closure}(Object(Illuminate\Http\Request))
#47 /home/dotzdemo/public_html/arkfoods/vendor/laravel/framework/src/Illuminate/Pipeline/Pipeline.php(149): Illuminate\Cookie\Middleware\AddQueuedCookiesToResponse->handle(Object(Illuminate\Http\Request), Object(Closure))
#48 /home/dotzdemo/public_html/arkfoods/vendor/laravel/framework/src/Illuminate/Routing/Pipeline.php(53): Illuminate\Pipeline\Pipeline->Illuminate\Pipeline\{closure}(Object(Illuminate\Http\Request))
#49 /home/dotzdemo/public_html/arkfoods/vendor/laravel/framework/src/Illuminate/Cookie/Middleware/EncryptCookies.php(66): Illuminate\Routing\Pipeline->Illuminate\Routing\{closure}(Object(Illuminate\Http\Request))
#50 /home/dotzdemo/public_html/arkfoods/vendor/laravel/framework/src/Illuminate/Pipeline/Pipeline.php(149): Illuminate\Cookie\Middleware\EncryptCookies->handle(Object(Illuminate\Http\Request), Object(Closure))
#51 /home/dotzdemo/public_html/arkfoods/vendor/laravel/framework/src/Illuminate/Routing/Pipeline.php(53): Illuminate\Pipeline\Pipeline->Illuminate\Pipeline\{closure}(Object(Illuminate\Http\Request))
#52 /home/dotzdemo/public_html/arkfoods/vendor/laravel/framework/src/Illuminate/Pipeline/Pipeline.php(102): Illuminate\Routing\Pipeline->Illuminate\Routing\{closure}(Object(Illuminate\Http\Request))
#53 /home/dotzdemo/public_html/arkfoods/vendor/laravel/framework/src/Illuminate/Routing/Router.php(660): Illuminate\Pipeline\Pipeline->then(Object(Closure))
#54 /home/dotzdemo/public_html/arkfoods/vendor/laravel/framework/src/Illuminate/Routing/Router.php(635): Illuminate\Routing\Router->runRouteWithinStack(Object(Illuminate\Routing\Route), Object(Illuminate\Http\Request))
#55 /home/dotzdemo/public_html/arkfoods/vendor/laravel/framework/src/Illuminate/Routing/Router.php(601): Illuminate\Routing\Router->runRoute(Object(Illuminate\Http\Request), Object(Illuminate\Routing\Route))
#56 /home/dotzdemo/public_html/arkfoods/vendor/laravel/framework/src/Illuminate/Routing/Router.php(590): Illuminate\Routing\Router->dispatchToRoute(Object(Illuminate\Http\Request))
#57 /home/dotzdemo/public_html/arkfoods/vendor/laravel/framework/src/Illuminate/Foundation/Http/Kernel.php(176): Illuminate\Routing\Router->dispatch(Object(Illuminate\Http\Request))
#58 /home/dotzdemo/public_html/arkfoods/vendor/laravel/framework/src/Illuminate/Routing/Pipeline.php(30): Illuminate\Foundation\Http\Kernel->Illuminate\Foundation\Http\{closure}(Object(Illuminate\Http\Request))
#59 /home/dotzdemo/public_html/arkfoods/vendor/barryvdh/laravel-debugbar/src/Middleware/InjectDebugbar.php(58): Illuminate\Routing\Pipeline->Illuminate\Routing\{closure}(Object(Illuminate\Http\Request))
#60 /home/dotzdemo/public_html/arkfoods/vendor/laravel/framework/src/Illuminate/Pipeline/Pipeline.php(149): Barryvdh\Debugbar\Middleware\InjectDebugbar->handle(Object(Illuminate\Http\Request), Object(Closure))
#61 /home/dotzdemo/public_html/arkfoods/vendor/laravel/framework/src/Illuminate/Routing/Pipeline.php(53): Illuminate\Pipeline\Pipeline->Illuminate\Pipeline\{closure}(Object(Illuminate\Http\Request))
#62 /home/dotzdemo/public_html/arkfoods/vendor/laravel/framework/src/Illuminate/Foundation/Http/Middleware/TransformsRequest.php(30): Illuminate\Routing\Pipeline->Illuminate\Routing\{closure}(Object(Illuminate\Http\Request))
#63 /home/dotzdemo/public_html/arkfoods/vendor/laravel/framework/src/Illuminate/Pipeline/Pipeline.php(149): Illuminate\Foundation\Http\Middleware\TransformsRequest->handle(Object(Illuminate\Http\Request), Object(Closure))
#64 /home/dotzdemo/public_html/arkfoods/vendor/laravel/framework/src/Illuminate/Routing/Pipeline.php(53): Illuminate\Pipeline\Pipeline->Illuminate\Pipeline\{closure}(Object(Illuminate\Http\Request))
#65 /home/dotzdemo/public_html/arkfoods/vendor/laravel/framework/src/Illuminate/Foundation/Http/Middleware/TransformsRequest.php(30): Illuminate\Routing\Pipeline->Illuminate\Routing\{closure}(Object(Illuminate\Http\Request))
#66 /home/dotzdemo/public_html/arkfoods/vendor/laravel/framework/src/Illuminate/Pipeline/Pipeline.php(149): Illuminate\Foundation\Http\Middleware\TransformsRequest->handle(Object(Illuminate\Http\Request), Object(Closure))
#67 /home/dotzdemo/public_html/arkfoods/vendor/laravel/framework/src/Illuminate/Routing/Pipeline.php(53): Illuminate\Pipeline\Pipeline->Illuminate\Pipeline\{closure}(Object(Illuminate\Http\Request))
#68 /home/dotzdemo/public_html/arkfoods/vendor/laravel/framework/src/Illuminate/Foundation/Http/Middleware/ValidatePostSize.php(27): Illuminate\Routing\Pipeline->Illuminate\Routing\{closure}(Object(Illuminate\Http\Request))
#69 /home/dotzdemo/public_html/arkfoods/vendor/laravel/framework/src/Illuminate/Pipeline/Pipeline.php(149): Illuminate\Foundation\Http\Middleware\ValidatePostSize->handle(Object(Illuminate\Http\Request), Object(Closure))
#70 /home/dotzdemo/public_html/arkfoods/vendor/laravel/framework/src/Illuminate/Routing/Pipeline.php(53): Illuminate\Pipeline\Pipeline->Illuminate\Pipeline\{closure}(Object(Illuminate\Http\Request))
#71 /home/dotzdemo/public_html/arkfoods/vendor/laravel/framework/src/Illuminate/Foundation/Http/Middleware/CheckForMaintenanceMode.php(46): Illuminate\Routing\Pipeline->Illuminate\Routing\{closure}(Object(Illuminate\Http\Request))
#72 /home/dotzdemo/public_html/arkfoods/vendor/laravel/framework/src/Illuminate/Pipeline/Pipeline.php(149): Illuminate\Foundation\Http\Middleware\CheckForMaintenanceMode->handle(Object(Illuminate\Http\Request), Object(Closure))
#73 /home/dotzdemo/public_html/arkfoods/vendor/laravel/framework/src/Illuminate/Routing/Pipeline.php(53): Illuminate\Pipeline\Pipeline->Illuminate\Pipeline\{closure}(Object(Illuminate\Http\Request))
#74 /home/dotzdemo/public_html/arkfoods/vendor/laravel/framework/src/Illuminate/Pipeline/Pipeline.php(102): Illuminate\Routing\Pipeline->Illuminate\Routing\{closure}(Object(Illuminate\Http\Request))
#75 /home/dotzdemo/public_html/arkfoods/vendor/laravel/framework/src/Illuminate/Foundation/Http/Kernel.php(151): Illuminate\Pipeline\Pipeline->then(Object(Closure))
#76 /home/dotzdemo/public_html/arkfoods/vendor/laravel/framework/src/Illuminate/Foundation/Http/Kernel.php(116): Illuminate\Foundation\Http\Kernel->sendRequestThroughRouter(Object(Illuminate\Http\Request))
#77 /home/dotzdemo/public_html/arkfoods/public/index.php(53): Illuminate\Foundation\Http\Kernel->handle(Object(Illuminate\Http\Request))
#78 /home/dotzdemo/public_html/arkfoods/server.php(21): require_once('/home/dotzdemo/...')
#79 {main}  
